[2m2021-03-03 22:28:41.423[0;39m [  ] [32m INFO[0;39m [35m13400[0;39m [2m---[0;39m [2m[  restartedMain][0;39m [36mcom.revature.Application                [0;39m [2m:[0;39m Starting Application using Java 1.8.0_281 on LAPTOP-CSGJHN44 with PID 13400 (C:\revature\2012021sre\project1\target\classes started by Robert in C:\revature\2012021sre\project1)
[2m2021-03-03 22:28:43.442[0;39m [  ] [32m INFO[0;39m [35m13400[0;39m [2m---[0;39m [2m[  restartedMain][0;39m [36mcom.revature.Application                [0;39m [2m:[0;39m No active profile set, falling back to default profiles: default
[2m2021-03-03 22:29:47.696[0;39m [  ] [32m INFO[0;39m [35m6636[0;39m [2m---[0;39m [2m[  restartedMain][0;39m [36mcom.revature.Application                [0;39m [2m:[0;39m Starting Application using Java 1.8.0_281 on LAPTOP-CSGJHN44 with PID 6636 (C:\revature\2012021sre\project1\target\classes started by Robert in C:\revature\2012021sre\project1)
[2m2021-03-03 22:29:49.722[0;39m [  ] [32m INFO[0;39m [35m6636[0;39m [2m---[0;39m [2m[  restartedMain][0;39m [36mcom.revature.Application                [0;39m [2m:[0;39m No active profile set, falling back to default profiles: default
[2m2021-03-03 22:31:53.804[0;39m [  ] [32m INFO[0;39m [35m16468[0;39m [2m---[0;39m [2m[  restartedMain][0;39m [36mcom.revature.Application                [0;39m [2m:[0;39m Starting Application using Java 1.8.0_281 on LAPTOP-CSGJHN44 with PID 16468 (C:\revature\2012021sre\project1\target\classes started by Robert in C:\revature\2012021sre\project1)
[2m2021-03-03 22:31:55.829[0;39m [  ] [32m INFO[0;39m [35m16468[0;39m [2m---[0;39m [2m[  restartedMain][0;39m [36mcom.revature.Application                [0;39m [2m:[0;39m No active profile set, falling back to default profiles: default
[2m2021-03-03 22:35:23.082[0;39m [  ] [32m INFO[0;39m [35m14276[0;39m [2m---[0;39m [2m[  restartedMain][0;39m [36mcom.revature.Application                [0;39m [2m:[0;39m Starting Application using Java 1.8.0_281 on LAPTOP-CSGJHN44 with PID 14276 (C:\revature\2012021sre\project1\target\classes started by Robert in C:\revature\2012021sre\project1)
[2m2021-03-03 22:35:25.105[0;39m [  ] [32m INFO[0;39m [35m14276[0;39m [2m---[0;39m [2m[  restartedMain][0;39m [36mcom.revature.Application                [0;39m [2m:[0;39m No active profile set, falling back to default profiles: default
[2m2021-03-06 11:38:59.651[0;39m [  ] [32m INFO[0;39m [35m7844[0;39m [2m---[0;39m [2m[  restartedMain][0;39m [36mcom.revature.Application                [0;39m [2m:[0;39m Starting Application using Java 1.8.0_281 on LAPTOP-CSGJHN44 with PID 7844 (C:\revature\2012021sre\project1\target\classes started by Robert in C:\revature\2012021sre\project1)
[2m2021-03-06 11:39:01.839[0;39m [  ] [32m INFO[0;39m [35m7844[0;39m [2m---[0;39m [2m[  restartedMain][0;39m [36mcom.revature.Application                [0;39m [2m:[0;39m No active profile set, falling back to default profiles: default
[2m2021-03-06 12:47:51.128[0;39m [  ] [32m INFO[0;39m [35m9520[0;39m [2m---[0;39m [2m[  restartedMain][0;39m [36mcom.revature.Application                [0;39m [2m:[0;39m Starting Application using Java 1.8.0_281 on LAPTOP-CSGJHN44 with PID 9520 (C:\revature\2012021sre\project1\target\classes started by Robert in C:\revature\2012021sre\project1)
[2m2021-03-06 12:47:53.173[0;39m [  ] [32m INFO[0;39m [35m9520[0;39m [2m---[0;39m [2m[  restartedMain][0;39m [36mcom.revature.Application                [0;39m [2m:[0;39m No active profile set, falling back to default profiles: default
[2m2021-03-06 13:03:19.750[0;39m [  ] [32m INFO[0;39m [35m20152[0;39m [2m---[0;39m [2m[  restartedMain][0;39m [36mcom.revature.Application                [0;39m [2m:[0;39m Starting Application using Java 1.8.0_281 on LAPTOP-CSGJHN44 with PID 20152 (C:\revature\2012021sre\project1\target\classes started by Robert in C:\revature\2012021sre\project1)
[2m2021-03-06 13:03:21.785[0;39m [  ] [32m INFO[0;39m [35m20152[0;39m [2m---[0;39m [2m[  restartedMain][0;39m [36mcom.revature.Application                [0;39m [2m:[0;39m No active profile set, falling back to default profiles: default
[2m2021-03-06 13:08:33.586[0;39m [  ] [32m INFO[0;39m [35m19896[0;39m [2m---[0;39m [2m[  restartedMain][0;39m [36mcom.revature.Application                [0;39m [2m:[0;39m Starting Application using Java 1.8.0_281 on LAPTOP-CSGJHN44 with PID 19896 (C:\revature\2012021sre\project1\target\classes started by Robert in C:\revature\2012021sre\project1)
[2m2021-03-06 13:08:35.625[0;39m [  ] [32m INFO[0;39m [35m19896[0;39m [2m---[0;39m [2m[  restartedMain][0;39m [36mcom.revature.Application                [0;39m [2m:[0;39m No active profile set, falling back to default profiles: default
[2m2021-03-06 13:17:53.731[0;39m [  ] [32m INFO[0;39m [35m12292[0;39m [2m---[0;39m [2m[  restartedMain][0;39m [36mcom.revature.Application                [0;39m [2m:[0;39m Starting Application using Java 1.8.0_281 on LAPTOP-CSGJHN44 with PID 12292 (C:\revature\2012021sre\project1\target\classes started by Robert in C:\revature\2012021sre\project1)
[2m2021-03-06 13:17:55.767[0;39m [  ] [32m INFO[0;39m [35m12292[0;39m [2m---[0;39m [2m[  restartedMain][0;39m [36mcom.revature.Application                [0;39m [2m:[0;39m No active profile set, falling back to default profiles: default
[2m2021-03-06 13:18:05.643[0;39m [  ] [32m INFO[0;39m [35m12292[0;39m [2m---[0;39m [2m[  restartedMain][0;39m [36mcom.revature.Application                [0;39m [2m:[0;39m Started Application in 14.681 seconds (JVM running for 16.633)
[2m2021-03-06 13:28:27.312[0;39m [  ] [32m INFO[0;39m [35m3352[0;39m [2m---[0;39m [2m[  restartedMain][0;39m [36mcom.revature.Application                [0;39m [2m:[0;39m Starting Application using Java 1.8.0_281 on LAPTOP-CSGJHN44 with PID 3352 (C:\revature\2012021sre\project1\target\classes started by Robert in C:\revature\2012021sre\project1)
[2m2021-03-06 13:28:29.331[0;39m [  ] [32m INFO[0;39m [35m3352[0;39m [2m---[0;39m [2m[  restartedMain][0;39m [36mcom.revature.Application                [0;39m [2m:[0;39m No active profile set, falling back to default profiles: default
[2m2021-03-06 13:28:40.956[0;39m [  ] [32m INFO[0;39m [35m3352[0;39m [2m---[0;39m [2m[  restartedMain][0;39m [36mcom.revature.Application                [0;39m [2m:[0;39m Started Application in 16.311 seconds (JVM running for 18.251)
[2m2021-03-06 14:09:51.130[0;39m [  ] [32m INFO[0;39m [35m19388[0;39m [2m---[0;39m [2m[  restartedMain][0;39m [36mcom.revature.Application                [0;39m [2m:[0;39m Starting Application using Java 1.8.0_281 on LAPTOP-CSGJHN44 with PID 19388 (C:\revature\2012021sre\project1\target\classes started by Robert in C:\revature\2012021sre\project1)
[2m2021-03-06 14:09:53.153[0;39m [  ] [32m INFO[0;39m [35m19388[0;39m [2m---[0;39m [2m[  restartedMain][0;39m [36mcom.revature.Application                [0;39m [2m:[0;39m No active profile set, falling back to default profiles: default
[2m2021-03-06 14:10:05.810[0;39m [  ] [32m INFO[0;39m [35m19388[0;39m [2m---[0;39m [2m[  restartedMain][0;39m [36mcom.revature.Application                [0;39m [2m:[0;39m Started Application in 17.489 seconds (JVM running for 19.922)
[2m2021-03-06 14:11:00.253[0;39m [  ] [32m INFO[0;39m [35m17224[0;39m [2m---[0;39m [2m[  restartedMain][0;39m [36mcom.revature.Application                [0;39m [2m:[0;39m Starting Application using Java 1.8.0_281 on LAPTOP-CSGJHN44 with PID 17224 (C:\revature\2012021sre\project1\target\classes started by Robert in C:\revature\2012021sre\project1)
[2m2021-03-06 14:11:02.292[0;39m [  ] [32m INFO[0;39m [35m17224[0;39m [2m---[0;39m [2m[  restartedMain][0;39m [36mcom.revature.Application                [0;39m [2m:[0;39m No active profile set, falling back to default profiles: default
[2m2021-03-06 14:11:13.302[0;39m [  ] [32m INFO[0;39m [35m17224[0;39m [2m---[0;39m [2m[  restartedMain][0;39m [36mcom.revature.Application                [0;39m [2m:[0;39m Started Application in 15.761 seconds (JVM running for 17.848)
[2m2021-03-06 14:18:12.914[0;39m [  ] [32m INFO[0;39m [35m12956[0;39m [2m---[0;39m [2m[  restartedMain][0;39m [36mcom.revature.Application                [0;39m [2m:[0;39m Starting Application using Java 1.8.0_281 on LAPTOP-CSGJHN44 with PID 12956 (C:\revature\2012021sre\project1\target\classes started by Robert in C:\revature\2012021sre\project1)
[2m2021-03-06 14:18:14.941[0;39m [  ] [32m INFO[0;39m [35m12956[0;39m [2m---[0;39m [2m[  restartedMain][0;39m [36mcom.revature.Application                [0;39m [2m:[0;39m No active profile set, falling back to default profiles: default
[2m2021-03-06 14:18:25.992[0;39m [  ] [32m INFO[0;39m [35m12956[0;39m [2m---[0;39m [2m[  restartedMain][0;39m [36mcom.revature.Application                [0;39m [2m:[0;39m Started Application in 15.811 seconds (JVM running for 17.955)
[2m2021-03-06 14:44:41.859[0;39m [  ] [32m INFO[0;39m [35m2180[0;39m [2m---[0;39m [2m[  restartedMain][0;39m [36mcom.revature.Application                [0;39m [2m:[0;39m Starting Application using Java 1.8.0_281 on LAPTOP-CSGJHN44 with PID 2180 (C:\revature\2012021sre\project1\target\classes started by Robert in C:\revature\2012021sre\project1)
[2m2021-03-06 14:44:43.884[0;39m [  ] [32m INFO[0;39m [35m2180[0;39m [2m---[0;39m [2m[  restartedMain][0;39m [36mcom.revature.Application                [0;39m [2m:[0;39m No active profile set, falling back to default profiles: default
[2m2021-03-06 14:44:50.085[0;39m [  ] [32m INFO[0;39m [35m2180[0;39m [2m---[0;39m [2m[  restartedMain][0;39m [36mcom.revature.Application                [0;39m [2m:[0;39m Started Application in 10.584 seconds (JVM running for 11.553)
[2m2021-03-06 14:52:38.932[0;39m [  ] [32m INFO[0;39m [35m2180[0;39m [2m---[0;39m [2m[  restartedMain][0;39m [36mcom.revature.Application                [0;39m [2m:[0;39m Starting Application using Java 1.8.0_281 on LAPTOP-CSGJHN44 with PID 2180 (C:\revature\2012021sre\project1\target\classes started by Robert in C:\revature\2012021sre\project1)
[2m2021-03-06 14:52:40.945[0;39m [  ] [32m INFO[0;39m [35m2180[0;39m [2m---[0;39m [2m[  restartedMain][0;39m [36mcom.revature.Application                [0;39m [2m:[0;39m No active profile set, falling back to default profiles: default
[2m2021-03-06 14:52:43.222[0;39m [  ] [32m INFO[0;39m [35m2180[0;39m [2m---[0;39m [2m[  restartedMain][0;39m [36mcom.revature.Application                [0;39m [2m:[0;39m Started Application in 6.347 seconds (JVM running for 484.69)
[2m2021-03-06 14:52:54.817[0;39m [  ] [32m INFO[0;39m [35m7672[0;39m [2m---[0;39m [2m[  restartedMain][0;39m [36mcom.revature.Application                [0;39m [2m:[0;39m Starting Application using Java 1.8.0_281 on LAPTOP-CSGJHN44 with PID 7672 (C:\revature\2012021sre\project1\target\classes started by Robert in C:\revature\2012021sre\project1)
[2m2021-03-06 14:52:56.847[0;39m [  ] [32m INFO[0;39m [35m7672[0;39m [2m---[0;39m [2m[  restartedMain][0;39m [36mcom.revature.Application                [0;39m [2m:[0;39m No active profile set, falling back to default profiles: default
[2m2021-03-06 14:53:02.946[0;39m [  ] [32m INFO[0;39m [35m7672[0;39m [2m---[0;39m [2m[  restartedMain][0;39m [36mcom.revature.Application                [0;39m [2m:[0;39m Started Application in 10.512 seconds (JVM running for 11.485)
[2m2021-03-06 14:55:09.467[0;39m [  ] [32m INFO[0;39m [35m19280[0;39m [2m---[0;39m [2m[  restartedMain][0;39m [36mcom.revature.Application                [0;39m [2m:[0;39m Starting Application using Java 1.8.0_281 on LAPTOP-CSGJHN44 with PID 19280 (C:\revature\2012021sre\project1\target\classes started by Robert in C:\revature\2012021sre\project1)
[2m2021-03-06 14:55:11.490[0;39m [  ] [32m INFO[0;39m [35m19280[0;39m [2m---[0;39m [2m[  restartedMain][0;39m [36mcom.revature.Application                [0;39m [2m:[0;39m No active profile set, falling back to default profiles: default
[2m2021-03-06 14:55:17.578[0;39m [  ] [32m INFO[0;39m [35m19280[0;39m [2m---[0;39m [2m[  restartedMain][0;39m [36mcom.revature.Application                [0;39m [2m:[0;39m Started Application in 10.47 seconds (JVM running for 11.423)
[2m2021-03-06 14:56:44.860[0;39m [  ] [32m INFO[0;39m [35m7516[0;39m [2m---[0;39m [2m[  restartedMain][0;39m [36mcom.revature.Application                [0;39m [2m:[0;39m Starting Application using Java 1.8.0_281 on LAPTOP-CSGJHN44 with PID 7516 (C:\revature\2012021sre\project1\target\classes started by Robert in C:\revature\2012021sre\project1)
[2m2021-03-06 14:56:46.892[0;39m [  ] [32m INFO[0;39m [35m7516[0;39m [2m---[0;39m [2m[  restartedMain][0;39m [36mcom.revature.Application                [0;39m [2m:[0;39m No active profile set, falling back to default profiles: default
[2m2021-03-06 14:56:52.887[0;39m [  ] [32m INFO[0;39m [35m7516[0;39m [2m---[0;39m [2m[  restartedMain][0;39m [36mcom.revature.Application                [0;39m [2m:[0;39m Started Application in 10.384 seconds (JVM running for 11.426)
[2m2021-03-06 14:58:16.738[0;39m [  ] [32m INFO[0;39m [35m12724[0;39m [2m---[0;39m [2m[  restartedMain][0;39m [36mcom.revature.Application                [0;39m [2m:[0;39m Starting Application using Java 1.8.0_281 on LAPTOP-CSGJHN44 with PID 12724 (C:\revature\2012021sre\project1\target\classes started by Robert in C:\revature\2012021sre\project1)
[2m2021-03-06 14:58:18.774[0;39m [  ] [32m INFO[0;39m [35m12724[0;39m [2m---[0;39m [2m[  restartedMain][0;39m [36mcom.revature.Application                [0;39m [2m:[0;39m No active profile set, falling back to default profiles: default
[2m2021-03-06 14:58:25.019[0;39m [  ] [32m INFO[0;39m [35m12724[0;39m [2m---[0;39m [2m[  restartedMain][0;39m [36mcom.revature.Application                [0;39m [2m:[0;39m Started Application in 10.627 seconds (JVM running for 11.601)
[2m2021-03-06 15:00:53.955[0;39m [  ] [32m INFO[0;39m [35m7968[0;39m [2m---[0;39m [2m[  restartedMain][0;39m [36mcom.revature.Application                [0;39m [2m:[0;39m Starting Application using Java 1.8.0_281 on LAPTOP-CSGJHN44 with PID 7968 (C:\revature\2012021sre\project1\target\classes started by Robert in C:\revature\2012021sre\project1)
[2m2021-03-06 15:00:55.978[0;39m [  ] [32m INFO[0;39m [35m7968[0;39m [2m---[0;39m [2m[  restartedMain][0;39m [36mcom.revature.Application                [0;39m [2m:[0;39m No active profile set, falling back to default profiles: default
[2m2021-03-06 15:01:02.136[0;39m [  ] [32m INFO[0;39m [35m7968[0;39m [2m---[0;39m [2m[  restartedMain][0;39m [36mcom.revature.Application                [0;39m [2m:[0;39m Started Application in 10.53 seconds (JVM running for 11.517)
[2m2021-03-06 15:01:32.580[0;39m [  ] [32m INFO[0;39m [35m13192[0;39m [2m---[0;39m [2m[  restartedMain][0;39m [36mcom.revature.Application                [0;39m [2m:[0;39m Starting Application using Java 1.8.0_281 on LAPTOP-CSGJHN44 with PID 13192 (C:\revature\2012021sre\project1\target\classes started by Robert in C:\revature\2012021sre\project1)
[2m2021-03-06 15:01:34.614[0;39m [  ] [32m INFO[0;39m [35m13192[0;39m [2m---[0;39m [2m[  restartedMain][0;39m [36mcom.revature.Application                [0;39m [2m:[0;39m No active profile set, falling back to default profiles: default
[2m2021-03-06 15:01:40.882[0;39m [  ] [32m INFO[0;39m [35m13192[0;39m [2m---[0;39m [2m[  restartedMain][0;39m [36mcom.revature.Application                [0;39m [2m:[0;39m Started Application in 10.654 seconds (JVM running for 11.651)
[2m2021-03-06 15:04:33.426[0;39m [  ] [32m INFO[0;39m [35m19244[0;39m [2m---[0;39m [2m[  restartedMain][0;39m [36mcom.revature.Application                [0;39m [2m:[0;39m Starting Application using Java 1.8.0_281 on LAPTOP-CSGJHN44 with PID 19244 (C:\revature\2012021sre\project1\target\classes started by Robert in C:\revature\2012021sre\project1)
[2m2021-03-06 15:04:35.460[0;39m [  ] [32m INFO[0;39m [35m19244[0;39m [2m---[0;39m [2m[  restartedMain][0;39m [36mcom.revature.Application                [0;39m [2m:[0;39m No active profile set, falling back to default profiles: default
[2m2021-03-06 15:04:41.542[0;39m [  ] [32m INFO[0;39m [35m19244[0;39m [2m---[0;39m [2m[  restartedMain][0;39m [36mcom.revature.Application                [0;39m [2m:[0;39m Started Application in 10.449 seconds (JVM running for 11.436)
[2m2021-03-07 13:05:50.605[0;39m [  ] [32m INFO[0;39m [35m4708[0;39m [2m---[0;39m [2m[  restartedMain][0;39m [36mcom.revature.Application                [0;39m [2m:[0;39m Starting Application using Java 1.8.0_281 on LAPTOP-CSGJHN44 with PID 4708 (C:\revature\2012021sre\project1\target\classes started by Robert in C:\revature\2012021sre\project1)
[2m2021-03-07 13:05:52.629[0;39m [  ] [32m INFO[0;39m [35m4708[0;39m [2m---[0;39m [2m[  restartedMain][0;39m [36mcom.revature.Application                [0;39m [2m:[0;39m No active profile set, falling back to default profiles: default
[2m2021-03-07 13:05:58.714[0;39m [  ] [32m INFO[0;39m [35m4708[0;39m [2m---[0;39m [2m[  restartedMain][0;39m [36mcom.revature.Application                [0;39m [2m:[0;39m Started Application in 10.476 seconds (JVM running for 11.466)
2021-03-07 13:08:18.635 [  ]  INFO 14804 --- [           main] com.revature.Project1ApplicationTests    : Starting Project1ApplicationTests using Java 1.8.0_281 on LAPTOP-CSGJHN44 with PID 14804 (started by Robert in C:\revature\2012021sre\project1)
2021-03-07 13:08:20.664 [  ]  INFO 14804 --- [           main] com.revature.Project1ApplicationTests    : No active profile set, falling back to default profiles: default
2021-03-07 13:08:28.772 [  ]  INFO 14804 --- [           main] com.revature.Project1ApplicationTests    : Started Project1ApplicationTests in 12.482 seconds (JVM running for 13.703)
2021-03-07 13:10:25.266 [  ]  INFO 15536 --- [           main] com.revature.Project1ApplicationTests    : Starting Project1ApplicationTests using Java 1.8.0_281 on LAPTOP-CSGJHN44 with PID 15536 (started by Robert in C:\revature\2012021sre\project1)
2021-03-07 13:10:27.295 [  ]  INFO 15536 --- [           main] com.revature.Project1ApplicationTests    : No active profile set, falling back to default profiles: default
2021-03-07 13:10:35.350 [  ]  INFO 15536 --- [           main] com.revature.Project1ApplicationTests    : Started Project1ApplicationTests in 12.424 seconds (JVM running for 13.597)
2021-03-07 13:21:32.588 [  ]  INFO 12952 --- [           main] com.revature.Project1ApplicationTests    : Starting Project1ApplicationTests using Java 1.8.0_281 on LAPTOP-CSGJHN44 with PID 12952 (started by Robert in C:\revature\2012021sre\project1)
2021-03-07 13:21:34.603 [  ]  INFO 12952 --- [           main] com.revature.Project1ApplicationTests    : No active profile set, falling back to default profiles: default
2021-03-07 13:21:43.213 [  ]  INFO 12952 --- [           main] com.revature.Project1ApplicationTests    : Started Project1ApplicationTests in 12.964 seconds (JVM running for 14.154)
2021-03-07 13:24:22.145 [  ]  INFO 19604 --- [           main] com.revature.Project1ApplicationTests    : Starting Project1ApplicationTests using Java 1.8.0_281 on LAPTOP-CSGJHN44 with PID 19604 (started by Robert in C:\revature\2012021sre\project1)
2021-03-07 13:24:24.188 [  ]  INFO 19604 --- [           main] com.revature.Project1ApplicationTests    : No active profile set, falling back to default profiles: default
2021-03-07 13:24:32.337 [  ]  INFO 19604 --- [           main] com.revature.Project1ApplicationTests    : Started Project1ApplicationTests in 12.515 seconds (JVM running for 13.676)
2021-03-07 13:33:27.179 [  ]  INFO 1072 --- [           main] com.revature.Project1ApplicationTests    : Starting Project1ApplicationTests using Java 1.8.0_281 on LAPTOP-CSGJHN44 with PID 1072 (started by Robert in C:\revature\2012021sre\project1)
2021-03-07 13:33:29.200 [  ]  INFO 1072 --- [           main] com.revature.Project1ApplicationTests    : No active profile set, falling back to default profiles: default
2021-03-07 13:33:37.516 [  ]  INFO 1072 --- [           main] com.revature.Project1ApplicationTests    : Started Project1ApplicationTests in 12.763 seconds (JVM running for 13.99)
[2m2021-03-07 16:11:13.913[0;39m [  ] [32m INFO[0;39m [35m15404[0;39m [2m---[0;39m [2m[  restartedMain][0;39m [36mcom.revature.Application                [0;39m [2m:[0;39m Starting Application using Java 1.8.0_281 on LAPTOP-CSGJHN44 with PID 15404 (C:\revature\2012021sre\project1\target\classes started by Robert in C:\revature\2012021sre\project1)
[2m2021-03-07 16:11:15.961[0;39m [  ] [32m INFO[0;39m [35m15404[0;39m [2m---[0;39m [2m[  restartedMain][0;39m [36mcom.revature.Application                [0;39m [2m:[0;39m No active profile set, falling back to default profiles: default
[2m2021-03-07 16:11:24.319[0;39m [  ] [32m INFO[0;39m [35m15404[0;39m [2m---[0;39m [2m[  restartedMain][0;39m [36mcom.revature.Application                [0;39m [2m:[0;39m Started Application in 12.896 seconds (JVM running for 14.18)
[2m2021-03-07 16:13:41.599[0;39m [  ] [32m INFO[0;39m [35m15404[0;39m [2m---[0;39m [2m[  restartedMain][0;39m [36mcom.revature.Application                [0;39m [2m:[0;39m Starting Application using Java 1.8.0_281 on LAPTOP-CSGJHN44 with PID 15404 (C:\revature\2012021sre\project1\target\classes started by Robert in C:\revature\2012021sre\project1)
[2m2021-03-07 16:13:43.650[0;39m [  ] [32m INFO[0;39m [35m15404[0;39m [2m---[0;39m [2m[  restartedMain][0;39m [36mcom.revature.Application                [0;39m [2m:[0;39m No active profile set, falling back to default profiles: default
[2m2021-03-07 16:13:46.167[0;39m [  ] [32m INFO[0;39m [35m15404[0;39m [2m---[0;39m [2m[  restartedMain][0;39m [36mcom.revature.Application                [0;39m [2m:[0;39m Started Application in 6.68 seconds (JVM running for 156.029)
[2m2021-03-07 16:14:35.751[0;39m [  ] [32m INFO[0;39m [35m15404[0;39m [2m---[0;39m [2m[  restartedMain][0;39m [36mcom.revature.Application                [0;39m [2m:[0;39m Starting Application using Java 1.8.0_281 on LAPTOP-CSGJHN44 with PID 15404 (C:\revature\2012021sre\project1\target\classes started by Robert in C:\revature\2012021sre\project1)
[2m2021-03-07 16:22:51.956[0;39m [  ] [32m INFO[0;39m [35m6904[0;39m [2m---[0;39m [2m[  restartedMain][0;39m [36mcom.revature.Application                [0;39m [2m:[0;39m Starting Application using Java 1.8.0_281 on LAPTOP-CSGJHN44 with PID 6904 (C:\revature\2012021sre\project1\target\classes started by Robert in C:\revature\2012021sre\project1)
[2m2021-03-07 16:22:53.999[0;39m [  ] [32m INFO[0;39m [35m6904[0;39m [2m---[0;39m [2m[  restartedMain][0;39m [36mcom.revature.Application                [0;39m [2m:[0;39m No active profile set, falling back to default profiles: default
[2m2021-03-07 16:23:02.843[0;39m [  ] [32m INFO[0;39m [35m6904[0;39m [2m---[0;39m [2m[  restartedMain][0;39m [36mcom.revature.Application                [0;39m [2m:[0;39m Started Application in 13.428 seconds (JVM running for 14.84)
2021-03-07 16:31:40.748 [  ]  INFO 13128 --- [           main] com.revature.Project1ApplicationTests    : Starting Project1ApplicationTests using Java 1.8.0_281 on LAPTOP-CSGJHN44 with PID 13128 (started by Robert in C:\revature\2012021sre\project1)
2021-03-07 16:31:42.789 [  ]  INFO 13128 --- [           main] com.revature.Project1ApplicationTests    : No active profile set, falling back to default profiles: default
2021-03-07 16:31:55.298 [  ]  INFO 13128 --- [           main] com.revature.Project1ApplicationTests    : Started Project1ApplicationTests in 17.129 seconds (JVM running for 19.025)
